<?xml version="1.0" encoding="UTF-8"?>
<testng-results skipped="0" failed="0" ignored="0" total="1" passed="1">
  <reporter-output>
  </reporter-output>
  <suite name="Default suite" duration-ms="26891" started-at="2019-01-19T07:27:21Z" finished-at="2019-01-19T07:27:48Z">
    <groups>
    </groups>
    <test name="Default test" duration-ms="26891" started-at="2019-01-19T07:27:21Z" finished-at="2019-01-19T07:27:48Z">
      <class name="com.googleTest.TestNgSetup">
        <test-method status="PASS" signature="opengoogle()[pri:0, instance:com.googleTest.TestNgSetup@6d4b1c02]" name="opengoogle" is-config="true" duration-ms="18343" started-at="2019-01-19T07:27:21Z" finished-at="2019-01-19T07:27:39Z">
          <reporter-output>
          </reporter-output>
        </test-method> <!-- opengoogle -->
        <test-method status="PASS" signature="giveurl()[pri:0, instance:com.googleTest.TestNgSetup@6d4b1c02]" name="giveurl" duration-ms="4491" started-at="2019-01-19T07:27:39Z" finished-at="2019-01-19T07:27:44Z">
          <reporter-output>
          </reporter-output>
        </test-method> <!-- giveurl -->
        <test-method status="PASS" signature="teardown()[pri:0, instance:com.googleTest.TestNgSetup@6d4b1c02]" name="teardown" is-config="true" duration-ms="3946" started-at="2019-01-19T07:27:44Z" finished-at="2019-01-19T07:27:48Z">
          <reporter-output>
          </reporter-output>
        </test-method> <!-- teardown -->
      </class> <!-- com.googleTest.TestNgSetup -->
    </test> <!-- Default test -->
  </suite> <!-- Default suite -->
</testng-results>
